#
# There is insufficient memory for the Java Runtime Environment to continue.
# Native memory allocation (malloc) failed to allocate 1004496 bytes for Chunk::new
# Possible reasons:
#   The system is out of physical RAM or swap space
#   The process is running with CompressedOops enabled, and the Java Heap may be blocking the growth of the native heap
# Possible solutions:
#   Reduce memory load on the system
#   Increase physical memory or swap space
#   Check if swap backing store is full
#   Decrease Java heap size (-Xmx/-Xms)
#   Decrease number of Java threads
#   Decrease Java thread stack sizes (-Xss)
#   Set larger code cache with -XX:ReservedCodeCacheSize=
#   JVM is running with Unscaled Compressed Oops mode in which the Java heap is
#     placed in the first 4GB address space. The Java Heap base address is the
#     maximum limit for the native heap growth. Please use -XX:HeapBaseMinAddress
#     to set the Java Heap base and to place the Java Heap above 4GB virtual address.
# This output file may be truncated or incomplete.
#
#  Out of Memory Error (allocation.cpp:389), pid=4352, tid=0x00000000000012f4
#
# JRE version: OpenJDK Runtime Environment (8.0_202-b03) (build 1.8.0_202-release-1483-b03)
# Java VM: OpenJDK 64-Bit Server VM (25.202-b03 mixed mode windows-amd64 compressed oops)
# Failed to write core dump. Minidumps are not enabled by default on client versions of Windows
#

---------------  T H R E A D  ---------------

Current thread (0x000000001608c800):  JavaThread "C2 CompilerThread0" daemon [_thread_in_native, id=4852, stack(0x00000000176f0000,0x00000000177f0000)]

Stack: [0x00000000176f0000,0x00000000177f0000]
[error occurred during error reporting (printing stack bounds), id 0xc0000005]

Native frames: (J=compiled Java code, j=interpreted, Vv=VM code, C=native code)


Current CompileTask:
C2:10176695 16837       4       org.gradle.execution.plan.DefaultPlanExecutor$ExecutorWorker$2::transform (9 bytes)


---------------  P R O C E S S  ---------------

Java Threads: ( => current thread )
  0x000000001dadf000 JavaThread "Cache worker for execution history cache (C:\Users\Kenisha\AndroidStudioProjects\Surface\.gradle\5.4.1\executionHistory)" [_thread_blocked, id=11552, stack(0x0000000024cb0000,0x0000000024db0000)]
  0x000000001dae4800 JavaThread "Execution worker for ':' Thread 3" [_thread_blocked, id=14592, stack(0x00000000249b0000,0x0000000024ab0000)]
  0x000000001dadd000 JavaThread "Execution worker for ':' Thread 2" [_thread_blocked, id=7832, stack(0x0000000023150000,0x0000000023250000)]
  0x000000001dae1800 JavaThread "Execution worker for ':'" [_thread_blocked, id=12276, stack(0x0000000022e50000,0x0000000022f50000)]
  0x000000001b731800 JavaThread "Cache worker for file content cache (C:\Users\Kenisha\AndroidStudioProjects\Surface\.gradle\5.4.1\fileContent)" [_thread_blocked, id=10832, stack(0x0000000022c50000,0x0000000022d50000)]
  0x000000001b736800 JavaThread "Cache worker for Build Output Cleanup Cache (C:\Users\Kenisha\AndroidStudioProjects\Surface\.gradle\buildOutputCleanup)" [_thread_blocked, id=6024, stack(0x0000000022b50000,0x0000000022c50000)]
  0x000000001b734800 JavaThread "pool-13-thread-1" [_thread_blocked, id=10376, stack(0x0000000020e50000,0x0000000020f50000)]
  0x000000001b733800 JavaThread "Build operations Thread 4" [_thread_blocked, id=2956, stack(0x0000000020950000,0x0000000020a50000)]
  0x000000001b72f000 JavaThread "Build operations Thread 3" [_thread_blocked, id=10452, stack(0x0000000020850000,0x0000000020950000)]
  0x000000001b733000 JavaThread "Build operations Thread 2" [_thread_blocked, id=11940, stack(0x0000000020550000,0x0000000020650000)]
  0x000000001b730000 JavaThread "Build operations" [_thread_blocked, id=12800, stack(0x0000000020450000,0x0000000020550000)]
  0x000000001b730800 JavaThread "Cache worker for cache directory md-rule (C:\Users\Kenisha\.gradle\caches\5.4.1\md-rule)" [_thread_blocked, id=5888, stack(0x0000000020100000,0x0000000020200000)]
  0x000000001b736000 JavaThread "Cache worker for cache directory md-supplier (C:\Users\Kenisha\.gradle\caches\5.4.1\md-supplier)" [_thread_blocked, id=5164, stack(0x000000001fd00000,0x000000001fe00000)]
  0x000000001b727800 JavaThread "Cache worker for file hash cache (C:\Users\Kenisha\AndroidStudioProjects\Surface\.gradle\5.4.1\fileHashes)" [_thread_blocked, id=12508, stack(0x000000001e1b0000,0x000000001e2b0000)]
  0x000000001b72e800 JavaThread "Thread-187" [_thread_blocked, id=5972, stack(0x000000001a940000,0x000000001aa40000)]
  0x000000001b729000 JavaThread "Stdin handler" [_thread_blocked, id=10248, stack(0x000000001a740000,0x000000001a840000)]
  0x000000001b72d800 JavaThread "Asynchronous log dispatcher for DefaultDaemonConnection: socket connection from /127.0.0.1:56670 to /127.0.0.1:58212" [_thread_blocked, id=13384, stack(0x000000001a640000,0x000000001a740000)]
  0x000000001b72b800 JavaThread "Cancel handler" [_thread_blocked, id=11812, stack(0x000000001a240000,0x000000001a340000)]
  0x000000001b72c000 JavaThread "Handler for socket connection from /127.0.0.1:56670 to /127.0.0.1:58212" [_thread_in_native, id=10960, stack(0x000000001a140000,0x000000001a240000)]
  0x000000001dade800 JavaThread "Daemon worker Thread 8" [_thread_in_vm, id=13548, stack(0x000000001a540000,0x000000001a640000)]
  0x000000001dadd800 JavaThread "Daemon Thread 8" [_thread_blocked, id=11008, stack(0x0000000000b70000,0x0000000000c70000)]
  0x000000001dae4000 JavaThread "Cache worker for Java compile cache (C:\Users\Kenisha\.gradle\caches\5.4.1\javaCompile)" [_thread_blocked, id=1532, stack(0x0000000024db0000,0x0000000024eb0000)]
  0x000000001b732000 JavaThread "Cache worker for file content cache (C:\Users\Kenisha\.gradle\caches\5.4.1\fileContent)" [_thread_blocked, id=2412, stack(0x0000000022d50000,0x0000000022e50000)]
  0x000000001b728800 JavaThread "Memory manager" [_thread_blocked, id=15160, stack(0x000000001a840000,0x000000001a940000)]
  0x000000001b72a000 JavaThread "Cache worker for execution history cache (C:\Users\Kenisha\.gradle\caches\5.4.1\executionHistory)" [_thread_blocked, id=15136, stack(0x0000000020000000,0x0000000020100000)]
  0x0000000017b6e800 JavaThread "Cache worker for journal cache (C:\Users\Kenisha\.gradle\caches\journal-1)" [_thread_blocked, id=8148, stack(0x000000001ac40000,0x000000001ad40000)]
  0x0000000017b74800 JavaThread "File lock request listener" [_thread_in_native, id=3256, stack(0x000000001ab40000,0x000000001ac40000)]
  0x0000000017b73000 JavaThread "Cache worker for file hash cache (C:\Users\Kenisha\.gradle\caches\5.4.1\fileHashes)" [_thread_blocked, id=12644, stack(0x000000001aa40000,0x000000001ab40000)]
  0x0000000017beb800 JavaThread "Daemon periodic checks" [_thread_blocked, id=14736, stack(0x000000001a040000,0x000000001a140000)]
  0x00000000181e1800 JavaThread "Incoming local TCP Connector on port 56670" [_thread_in_native, id=12048, stack(0x0000000019e00000,0x0000000019f00000)]
  0x000000001934f800 JavaThread "Daemon health stats" [_thread_blocked, id=10592, stack(0x00000000197c0000,0x00000000198c0000)]
  0x0000000017a18800 JavaThread "Service Thread" daemon [_thread_blocked, id=10532, stack(0x0000000017df0000,0x0000000017ef0000)]
  0x00000000160a4000 JavaThread "C1 CompilerThread2" daemon [_thread_blocked, id=9684, stack(0x00000000178f0000,0x00000000179f0000)]
  0x00000000160a3000 JavaThread "C2 CompilerThread1" daemon [_thread_in_native, id=13772, stack(0x00000000177f0000,0x00000000178f0000)]
=>0x000000001608c800 JavaThread "C2 CompilerThread0" daemon [_thread_in_native, id=4852, stack(0x00000000176f0000,0x00000000177f0000)]
  0x000000001608b800 JavaThread "Attach Listener" daemon [_thread_blocked, id=9912, stack(0x00000000175f0000,0x00000000176f0000)]
  0x0000000016098000 JavaThread "Signal Dispatcher" daemon [_thread_blocked, id=12016, stack(0x00000000174f0000,0x00000000175f0000)]
  0x000000000268d000 JavaThread "Finalizer" daemon [_thread_blocked, id=4832, stack(0x00000000172f0000,0x00000000173f0000)]
  0x0000000016079000 JavaThread "Reference Handler" daemon [_thread_blocked, id=4056, stack(0x00000000171f0000,0x00000000172f0000)]
  0x0000000002592800 JavaThread "main" [_thread_blocked, id=1144, stack(0x0000000000c70000,0x0000000000d70000)]

Other Threads:
  0x0000000016057800 VMThread [stack: 0x00000000170f0000,0x00000000171f0000] [id=12716]
  0x0000000017a23000 WatcherThread [stack: 0x0000000017ef0000,0x0000000017ff0000] [id=7916]

VM state:not at safepoint (normal execution)

VM Mutex/Monitor currently owned by a thread: None

heap address: 0x00000000a0000000, size: 1536 MB, Compressed Oops mode: 32-bit
Narrow klass base: 0x0000000000000000, Narrow klass shift: 3
Compressed class space size: 1073741824 Address: 0x0000000100000000

Heap:
 PSYoungGen      total 299008K, used 175066K [0x00000000e0000000, 0x00000000f6a00000, 0x0000000100000000)
  eden space 256000K, 51% used [0x00000000e0000000,0x00000000e80f9268,0x00000000efa00000)
  from space 43008K, 99% used [0x00000000f3280000,0x00000000f5c7d810,0x00000000f5c80000)
  to   space 57344K, 0% used [0x00000000efa00000,0x00000000efa00000,0x00000000f3200000)
 ParOldGen       total 123904K, used 86991K [0x00000000a0000000, 0x00000000a7900000, 0x00000000e0000000)
  object space 123904K, 70% used [0x00000000a0000000,0x00000000a54f3e18,0x00000000a7900000)
 Metaspace       used 83947K, capacity 88002K, committed 88152K, reserved 1126400K
  class space    used 11021K, capacity 11800K, committed 11904K, reserved 1048576K

Card table byte_map: [0x0000000011ae0000,0x0000000011df0000] byte_map_base: 0x00000000115e0000

Marking Bits: (ParMarkBitMap*) 0x0000000059979f30
 Begin Bits: [0x00000000123f0000, 0x0000000013bf0000)
 End Bits:   [0x0000000013bf0000, 0x00000000153f0000)

Polling page: 0x0000000000700000

CodeCache: size=245760Kb used=44423Kb max_used=44468Kb free=201336Kb
 bounds [0x0000000002720000, 0x00000000052d0000, 0x0000000011720000]
 total_blobs=14420 nmethods=13577 adapters=755
 compilation: enabled

Compilation events (10 events):
Event: 10176.631 Thread 0x00000000160a4000 16845       3       java.util.stream.Collectors::toCollection (22 bytes)
Event: 10176.632 Thread 0x00000000160a4000 nmethod 16845 0x0000000004c190d0 code [0x0000000004c192a0, 0x0000000004c19a28]
Event: 10176.635 Thread 0x00000000160a4000 16846  s    3       com.android.build.gradle.internal.profile.TaskProfilingRecord::allWorkersFinished (62 bytes)
Event: 10176.637 Thread 0x00000000160a4000 nmethod 16846 0x0000000004616cd0 code [0x0000000004616f20, 0x0000000004617fb8]
Event: 10176.637 Thread 0x00000000160a4000 16847       3       org.gradle.tooling.internal.provider.events.AbstractTaskResult::<init> (21 bytes)
Event: 10176.638 Thread 0x00000000160a4000 nmethod 16847 0x0000000003769550 code [0x00000000037696c0, 0x0000000003769910]
Event: 10176.643 Thread 0x00000000160a4000 16848       3       org.gradle.execution.plan.DefaultExecutionPlan$8$1$1::accept (42 bytes)
Event: 10176.644 Thread 0x00000000160a4000 nmethod 16848 0x0000000003e67490 code [0x0000000003e67620, 0x0000000003e679d8]
Event: 10176.644 Thread 0x00000000160a4000 16849       3       org.gradle.execution.plan.DefaultExecutionPlan::canonicalizedPaths (50 bytes)
Event: 10176.645 Thread 0x00000000160a4000 nmethod 16849 0x0000000004489b10 code [0x0000000004489d20, 0x000000000448a708]

GC Heap History (10 events):
Event: 9775.555 GC heap before
{Heap before GC invocations=13 (full 3):
 PSYoungGen      total 327168K, used 327141K [0x00000000e0000000, 0x00000000f5e80000, 0x0000000100000000)
  eden space 309760K, 100% used [0x00000000e0000000,0x00000000f2e80000,0x00000000f2e80000)
  from space 17408K, 99% used [0x00000000f3b00000,0x00000000f4bf9630,0x00000000f4c00000)
  to   space 18944K, 0% used [0x00000000f4c00000,0x00000000f4c00000,0x00000000f5e80000)
 ParOldGen       total 123904K, used 30096K [0x00000000a0000000, 0x00000000a7900000, 0x00000000e0000000)
  object space 123904K, 24% used [0x00000000a0000000,0x00000000a1d64098,0x00000000a7900000)
 Metaspace       used 67260K, capacity 69552K, committed 69720K, reserved 1110016K
  class space    used 8825K, capacity 9301K, committed 9344K, reserved 1048576K
Event: 9776.188 GC heap after
Heap after GC invocations=13 (full 3):
 PSYoungGen      total 312832K, used 14644K [0x00000000e0000000, 0x00000000f5a80000, 0x0000000100000000)
  eden space 297984K, 0% used [0x00000000e0000000,0x00000000e0000000,0x00000000f2300000)
  from space 14848K, 98% used [0x00000000f4c00000,0x00000000f5a4d080,0x00000000f5a80000)
  to   space 24576K, 0% used [0x00000000f2a80000,0x00000000f2a80000,0x00000000f4280000)
 ParOldGen       total 123904K, used 30104K [0x00000000a0000000, 0x00000000a7900000, 0x00000000e0000000)
  object space 123904K, 24% used [0x00000000a0000000,0x00000000a1d66098,0x00000000a7900000)
 Metaspace       used 67260K, capacity 69552K, committed 69720K, reserved 1110016K
  class space    used 8825K, capacity 9301K, committed 9344K, reserved 1048576K
}
Event: 9806.759 GC heap before
{Heap before GC invocations=14 (full 3):
 PSYoungGen      total 312832K, used 312628K [0x00000000e0000000, 0x00000000f5a80000, 0x0000000100000000)
  eden space 297984K, 100% used [0x00000000e0000000,0x00000000f2300000,0x00000000f2300000)
  from space 14848K, 98% used [0x00000000f4c00000,0x00000000f5a4d080,0x00000000f5a80000)
  to   space 24576K, 0% used [0x00000000f2a80000,0x00000000f2a80000,0x00000000f4280000)
 ParOldGen       total 123904K, used 30104K [0x00000000a0000000, 0x00000000a7900000, 0x00000000e0000000)
  object space 123904K, 24% used [0x00000000a0000000,0x00000000a1d66098,0x00000000a7900000)
 Metaspace       used 81320K, capacity 84588K, committed 84696K, reserved 1122304K
  class space    used 10838K, capacity 11511K, committed 11520K, reserved 1048576K
Event: 9806.827 GC heap after
Heap after GC invocations=14 (full 3):
 PSYoungGen      total 311296K, used 24556K [0x00000000e0000000, 0x00000000f5000000, 0x0000000100000000)
  eden space 286720K, 0% used [0x00000000e0000000,0x00000000e0000000,0x00000000f1800000)
  from space 24576K, 99% used [0x00000000f2a80000,0x00000000f427b2b8,0x00000000f4280000)
  to   space 13824K, 0% used [0x00000000f4280000,0x00000000f4280000,0x00000000f5000000)
 ParOldGen       total 123904K, used 33313K [0x00000000a0000000, 0x00000000a7900000, 0x00000000e0000000)
  object space 123904K, 26% used [0x00000000a0000000,0x00000000a2088528,0x00000000a7900000)
 Metaspace       used 81320K, capacity 84588K, committed 84696K, reserved 1122304K
  class space    used 10838K, capacity 11511K, committed 11520K, reserved 1048576K
}
Event: 9898.601 GC heap before
{Heap before GC invocations=15 (full 3):
 PSYoungGen      total 311296K, used 311276K [0x00000000e0000000, 0x00000000f5000000, 0x0000000100000000)
  eden space 286720K, 100% used [0x00000000e0000000,0x00000000f1800000,0x00000000f1800000)
  from space 24576K, 99% used [0x00000000f2a80000,0x00000000f427b2b8,0x00000000f4280000)
  to   space 13824K, 0% used [0x00000000f4280000,0x00000000f4280000,0x00000000f5000000)
 ParOldGen       total 123904K, used 33313K [0x00000000a0000000, 0x00000000a7900000, 0x00000000e0000000)
  object space 123904K, 26% used [0x00000000a0000000,0x00000000a2088528,0x00000000a7900000)
 Metaspace       used 82561K, capacity 86080K, committed 86104K, reserved 1124352K
  class space    used 10936K, capacity 11645K, committed 11648K, reserved 1048576K
Event: 9898.653 GC heap after
Heap after GC invocations=15 (full 3):
 PSYoungGen      total 289792K, used 13792K [0x00000000e0000000, 0x00000000f5000000, 0x0000000100000000)
  eden space 275968K, 0% used [0x00000000e0000000,0x00000000e0000000,0x00000000f0d80000)
  from space 13824K, 99% used [0x00000000f4280000,0x00000000f4ff8060,0x00000000f5000000)
  to   space 30208K, 0% used [0x00000000f1500000,0x00000000f1500000,0x00000000f3280000)
 ParOldGen       total 123904K, used 41327K [0x00000000a0000000, 0x00000000a7900000, 0x00000000e0000000)
  object space 123904K, 33% used [0x00000000a0000000,0x00000000a285bcf0,0x00000000a7900000)
 Metaspace       used 82561K, capacity 86080K, committed 86104K, reserved 1124352K
  class space    used 10936K, capacity 11645K, committed 11648K, reserved 1048576K
}
Event: 9995.578 GC heap before
{Heap before GC invocations=16 (full 3):
 PSYoungGen      total 289792K, used 289760K [0x00000000e0000000, 0x00000000f5000000, 0x0000000100000000)
  eden space 275968K, 100% used [0x00000000e0000000,0x00000000f0d80000,0x00000000f0d80000)
  from space 13824K, 99% used [0x00000000f4280000,0x00000000f4ff8060,0x00000000f5000000)
  to   space 30208K, 0% used [0x00000000f1500000,0x00000000f1500000,0x00000000f3280000)
 ParOldGen       total 123904K, used 41327K [0x00000000a0000000, 0x00000000a7900000, 0x00000000e0000000)
  object space 123904K, 33% used [0x00000000a0000000,0x00000000a285bcf0,0x00000000a7900000)
 Metaspace       used 83141K, capacity 86790K, committed 87000K, reserved 1124352K
  class space    used 10953K, capacity 11674K, committed 11776K, reserved 1048576K
Event: 9995.663 GC heap after
Heap after GC invocations=16 (full 3):
 PSYoungGen      total 295936K, used 30200K [0x00000000e0000000, 0x00000000f5c80000, 0x0000000100000000)
  eden space 265728K, 0% used [0x00000000e0000000,0x00000000e0000000,0x00000000f0380000)
  from space 30208K, 99% used [0x00000000f1500000,0x00000000f327e1a0,0x00000000f3280000)
  to   space 43008K, 0% used [0x00000000f3280000,0x00000000f3280000,0x00000000f5c80000)
 ParOldGen       total 123904K, used 70752K [0x00000000a0000000, 0x00000000a7900000, 0x00000000e0000000)
  object space 123904K, 57% used [0x00000000a0000000,0x00000000a4518310,0x00000000a7900000)
 Metaspace       used 83141K, capacity 86790K, committed 87000K, reserved 1124352K
  class space    used 10953K, capacity 11674K, committed 11776K, reserved 1048576K
}
Event: 10146.843 GC heap before
{Heap before GC invocations=17 (full 3):
 PSYoungGen      total 295936K, used 295928K [0x00000000e0000000, 0x00000000f5c80000, 0x0000000100000000)
  eden space 265728K, 100% used [0x00000000e0000000,0x00000000f0380000,0x00000000f0380000)
  from space 30208K, 99% used [0x00000000f1500000,0x00000000f327e1a0,0x00000000f3280000)
  to   space 43008K, 0% used [0x00000000f3280000,0x00000000f3280000,0x00000000f5c80000)
 ParOldGen       total 123904K, used 70752K [0x00000000a0000000, 0x00000000a7900000, 0x00000000e0000000)
  object space 123904K, 57% used [0x00000000a0000000,0x00000000a4518310,0x00000000a7900000)
 Metaspace       used 83767K, capacity 87678K, committed 87768K, reserved 1126400K
  class space    used 10998K, capacity 11756K, committed 11776K, reserved 1048576K
Event: 10146.954 GC heap after
Heap after GC invocations=17 (full 3):
 PSYoungGen      total 299008K, used 42998K [0x00000000e0000000, 0x00000000f6a00000, 0x0000000100000000)
  eden space 256000K, 0% used [0x00000000e0000000,0x00000000e0000000,0x00000000efa00000)
  from space 43008K, 99% used [0x00000000f3280000,0x00000000f5c7d810,0x00000000f5c80000)
  to   space 57344K, 0% used [0x00000000efa00000,0x00000000efa00000,0x00000000f3200000)
 ParOldGen       total 123904K, used 86991K [0x00000000a0000000, 0x00000000a7900000, 0x00000000e0000000)
  object space 123904K, 70% used [0x00000000a0000000,0x00000000a54f3e18,0x00000000a7900000)
 Metaspace       used 83767K, capacity 87678K, committed 87768K, reserved 1126400K
  class space    used 10998K, capacity 11756K, committed 11776K, reserved 1048576K
}

Deoptimization events (10 events):
Event: 10145.817 Thread 0x000000001dade800 Uncommon trap: reason=class_check action=maybe_recompile pc=0x0000000003cedf2c method=java.lang.StringCoding.encode(Ljava/nio/charset/Charset;[CII)[B @ 1
Event: 10145.892 Thread 0x000000001b730000 Uncommon trap: reason=class_check action=maybe_recompile pc=0x0000000004c19554 method=com.android.tools.r8.graph.DexField.b(Ljava/lang/Object;)Z @ 1
Event: 10146.079 Thread 0x000000001b72c000 Uncommon trap: reason=unstable_if action=reinterpret pc=0x0000000004b7407c method=org.gradle.internal.change.SummarizingChangeContainer.accept(Lorg/gradle/internal/change/ChangeVisitor;)Z @ 47
Event: 10146.272 Thread 0x000000001b736800 Uncommon trap: reason=unstable_if action=reinterpret pc=0x0000000002ad8fd0 method=java.util.concurrent.ConcurrentLinkedQueue.offer(Ljava/lang/Object;)Z @ 40
Event: 10146.766 Thread 0x000000001b730800 Uncommon trap: reason=unstable_if action=reinterpret pc=0x000000000485afb0 method=com.android.tools.r8.n.a.a.a.h.N.a(Ljava/lang/Object;I)I @ 130
Event: 10147.349 Thread 0x000000001b72f000 Uncommon trap: reason=class_check action=maybe_recompile pc=0x000000000292c4cc method=java.util.concurrent.ThreadPoolExecutor.getTask()Ljava/lang/Runnable; @ 139
Event: 10147.368 Thread 0x000000001b72f000 Uncommon trap: reason=class_check action=maybe_recompile pc=0x0000000002c7bf38 method=java.util.zip.InflaterInputStream.read([BII)I @ 100
Event: 10175.438 Thread 0x000000001dadd800 Uncommon trap: reason=class_check action=maybe_recompile pc=0x000000000292c4cc method=java.util.concurrent.ThreadPoolExecutor.getTask()Ljava/lang/Runnable; @ 139
Event: 10175.440 Thread 0x000000001b72c000 Uncommon trap: reason=class_check action=maybe_recompile pc=0x00000000051e5ca0 method=java.lang.reflect.Array.newInstance(Ljava/lang/Class;I)Ljava/lang/Object; @ 2
Event: 10175.468 Thread 0x000000001dade800 Uncommon trap: reason=class_check action=maybe_recompile pc=0x000000000292c4cc method=java.util.concurrent.ThreadPoolExecutor.getTask()Ljava/lang/Runnable; @ 139

Classes redefined (0 events):
No events

Internal exceptions (10 events):
Event: 9996.403 Thread 0x000000001b72c000 Exception <a 'sun/nio/fs/WindowsException'> (0x00000000e2f2e6b0) thrown at [D:\src\AOSP-openjdk-cygwin\jdk8u\hotspot\src\share\vm\prims\jni.cpp, line 710]
Event: 10143.399 Thread 0x000000001dade800 Exception <a 'sun/nio/fs/WindowsException'> (0x00000000e3f8c500) thrown at [D:\src\AOSP-openjdk-cygwin\jdk8u\hotspot\src\share\vm\prims\jni.cpp, line 710]
Event: 10143.480 Thread 0x000000001dade800 Implicit null exception at 0x000000000450a89f to 0x000000000450a9cd
Event: 10145.845 Thread 0x000000001b730000 Exception <a 'sun/nio/fs/WindowsException'> (0x00000000ea119cd0) thrown at [D:\src\AOSP-openjdk-cygwin\jdk8u\hotspot\src\share\vm\prims\jni.cpp, line 710]
Event: 10145.932 Thread 0x000000001b730000 Exception <a 'sun/nio/fs/WindowsException'> (0x00000000ea48b990) thrown at [D:\src\AOSP-openjdk-cygwin\jdk8u\hotspot\src\share\vm\prims\jni.cpp, line 710]
Event: 10145.950 Thread 0x000000001b730000 Exception <a 'sun/nio/fs/WindowsException'> (0x00000000ea497bb8) thrown at [D:\src\AOSP-openjdk-cygwin\jdk8u\hotspot\src\share\vm\prims\jni.cpp, line 710]
Event: 10146.205 Thread 0x000000001b729000 Exception <a 'sun/nio/fs/WindowsException'> (0x00000000eae58758) thrown at [D:\src\AOSP-openjdk-cygwin\jdk8u\hotspot\src\share\vm\prims\jni.cpp, line 710]
Event: 10147.240 Thread 0x000000001b730800 Exception <a 'sun/nio/fs/WindowsException'> (0x00000000e2b69520) thrown at [D:\src\AOSP-openjdk-cygwin\jdk8u\hotspot\src\share\vm\prims\jni.cpp, line 710]
Event: 10147.682 Thread 0x000000001dade800 Exception <a 'sun/nio/fs/WindowsException'> (0x00000000e43a6620) thrown at [D:\src\AOSP-openjdk-cygwin\jdk8u\hotspot\src\share\vm\prims\jni.cpp, line 710]
Event: 10175.683 Thread 0x000000001dade800 Exception <a 'sun/nio/fs/WindowsException'> (0x00000000e50acac0) thrown at [D:\src\AOSP-openjdk-cygwin\jdk8u\hotspot\src\share\vm\prims\jni.cpp, line 710]

Events (10 events):
Event: 10176.433 Thread 0x00000000160a3000 flushing nmethod 0x0000000004489950
Event: 10176.433 Thread 0x00000000160a3000 flushing nmethod 0x00000000044cf850
Event: 10176.435 Thread 0x00000000160a3000 flushing nmethod 0x0000000004539a10
Event: 10176.435 Thread 0x00000000160a3000 flushing nmethod 0x000000000457e390
Event: 10176.436 Thread 0x00000000160a3000 flushing nmethod 0x0000000004616cd0
Event: 10176.487 Thread 0x00000000160a4000 flushing nmethod 0x0000000004b5a9d0
Event: 10176.487 Thread 0x00000000160a4000 flushing nmethod 0x0000000004b73c10
Event: 10176.487 Thread 0x00000000160a4000 flushing nmethod 0x0000000004c18f50
Event: 10176.633 Thread 0x00000000160a4000 flushing nmethod 0x0000000004ea4350
Event: 10176.634 Thread 0x00000000160a4000 flushing nmethod 0x00000000051c3cd0


Dynamic libraries:
0x00007ff7d19a0000 - 0x00007ff7d19d1000 	C:\Program Files\Android\Android Studio1\jre\bin\java.exe
0x00007ff8069e0000 - 0x00007ff806bd0000 	C:\WINDOWS\SYSTEM32\ntdll.dll
0x00007ff806280000 - 0x00007ff806332000 	C:\WINDOWS\System32\KERNEL32.DLL
0x00007ff804640000 - 0x00007ff8048e3000 	C:\WINDOWS\System32\KERNELBASE.dll
0x00007ff804fe0000 - 0x00007ff805083000 	C:\WINDOWS\System32\ADVAPI32.dll
0x00007ff806340000 - 0x00007ff8063de000 	C:\WINDOWS\System32\msvcrt.dll
0x00007ff8061d0000 - 0x00007ff806267000 	C:\WINDOWS\System32\sechost.dll
0x00007ff806800000 - 0x00007ff806920000 	C:\WINDOWS\System32\RPCRT4.dll
0x00007ff805290000 - 0x00007ff805423000 	C:\WINDOWS\System32\USER32.dll
0x00007ff804200000 - 0x00007ff804221000 	C:\WINDOWS\System32\win32u.dll
0x00007ff8064c0000 - 0x00007ff8064e6000 	C:\WINDOWS\System32\GDI32.dll
0x00007ff804430000 - 0x00007ff8045c4000 	C:\WINDOWS\System32\gdi32full.dll
0x00007ff8049f0000 - 0x00007ff804a8e000 	C:\WINDOWS\System32\msvcp_win.dll
0x00007ff8048f0000 - 0x00007ff8049ea000 	C:\WINDOWS\System32\ucrtbase.dll
0x00007fffe4ef0000 - 0x00007fffe5175000 	C:\WINDOWS\WinSxS\amd64_microsoft.windows.common-controls_6595b64144ccf1df_6.0.18362.356_none_e6c4af7d130f27cc\COMCTL32.dll
0x00007ff805dc0000 - 0x00007ff8060f6000 	C:\WINDOWS\System32\combase.dll
0x00007ff804380000 - 0x00007ff804400000 	C:\WINDOWS\System32\bcryptPrimitives.dll
0x00007ff806490000 - 0x00007ff8064be000 	C:\WINDOWS\System32\IMM32.DLL
0x0000000058ff0000 - 0x00000000590c2000 	C:\Program Files\Android\Android Studio1\jre\jre\bin\msvcr100.dll
0x00000000591b0000 - 0x00000000599f6000 	C:\Program Files\Android\Android Studio1\jre\jre\bin\server\jvm.dll
0x00007ff806270000 - 0x00007ff806278000 	C:\WINDOWS\System32\PSAPI.DLL
0x00007ff802570000 - 0x00007ff802579000 	C:\WINDOWS\SYSTEM32\WSOCK32.dll
0x00007ff8012f0000 - 0x00007ff801314000 	C:\WINDOWS\SYSTEM32\WINMM.dll
0x00007ff8064f0000 - 0x00007ff80655f000 	C:\WINDOWS\System32\WS2_32.dll
0x00007ffffbba0000 - 0x00007ffffbbaa000 	C:\WINDOWS\SYSTEM32\VERSION.dll
0x00007ff8010d0000 - 0x00007ff8010fd000 	C:\WINDOWS\SYSTEM32\WINMMBASE.dll
0x00007ff8045d0000 - 0x00007ff80461a000 	C:\WINDOWS\System32\cfgmgr32.dll
0x00007ffffe830000 - 0x00007ffffe83f000 	C:\Program Files\Android\Android Studio1\jre\jre\bin\verify.dll
0x00007ffff25c0000 - 0x00007ffff25e9000 	C:\Program Files\Android\Android Studio1\jre\jre\bin\java.dll
0x00007ffffe560000 - 0x00007ffffe576000 	C:\Program Files\Android\Android Studio1\jre\jre\bin\zip.dll
0x00007ff805430000 - 0x00007ff805b15000 	C:\WINDOWS\System32\SHELL32.dll
0x00007ff805160000 - 0x00007ff805209000 	C:\WINDOWS\System32\shcore.dll
0x00007ff8039d0000 - 0x00007ff80414e000 	C:\WINDOWS\System32\windows.storage.dll
0x00007ff803930000 - 0x00007ff80394f000 	C:\WINDOWS\System32\profapi.dll
0x00007ff8038c0000 - 0x00007ff80390a000 	C:\WINDOWS\System32\powrprof.dll
0x00007ff8038b0000 - 0x00007ff8038c0000 	C:\WINDOWS\System32\UMPDC.dll
0x00007ff805d60000 - 0x00007ff805db2000 	C:\WINDOWS\System32\shlwapi.dll
0x00007ff803910000 - 0x00007ff803921000 	C:\WINDOWS\System32\kernel.appcore.dll
0x00007ff804620000 - 0x00007ff804637000 	C:\WINDOWS\System32\cryptsp.dll
0x00007ffff2580000 - 0x00007ffff259a000 	C:\Program Files\Android\Android Studio1\jre\jre\bin\net.dll
0x00007ff8030c0000 - 0x00007ff803127000 	C:\WINDOWS\system32\mswsock.dll
0x00007fffe02d0000 - 0x00007fffe02e1000 	C:\Program Files\Android\Android Studio1\jre\jre\bin\nio.dll
0x00007ffffe5c0000 - 0x00007ffffe5e6000 	C:\Users\Kenisha\.gradle\native\29\windows-amd64\native-platform.dll
0x00007ffffe660000 - 0x00007ffffe66d000 	C:\Program Files\Android\Android Studio1\jre\jre\bin\management.dll
0x00007ff802c30000 - 0x00007ff802c63000 	C:\WINDOWS\system32\rsaenh.dll
0x00007ff804400000 - 0x00007ff804426000 	C:\WINDOWS\System32\bcrypt.dll
0x00007ff8037d0000 - 0x00007ff8037f5000 	C:\WINDOWS\SYSTEM32\USERENV.dll
0x00007ff803290000 - 0x00007ff80329c000 	C:\WINDOWS\SYSTEM32\CRYPTBASE.dll
0x00007ff802dd0000 - 0x00007ff802e0a000 	C:\WINDOWS\SYSTEM32\IPHLPAPI.DLL
0x00007ff804b60000 - 0x00007ff804b68000 	C:\WINDOWS\System32\NSI.dll
0x00007ffffc990000 - 0x00007ffffc9a6000 	C:\WINDOWS\SYSTEM32\dhcpcsvc6.DLL
0x00007ffffcb40000 - 0x00007ffffcb5c000 	C:\WINDOWS\SYSTEM32\dhcpcsvc.DLL
0x00007ff802e10000 - 0x00007ff802eda000 	C:\WINDOWS\SYSTEM32\DNSAPI.dll

VM Arguments:
jvm_args: -Xmx1536m -Dfile.encoding=windows-1252 -Duser.country=US -Duser.language=en -Duser.variant 
java_command: org.gradle.launcher.daemon.bootstrap.GradleDaemon 5.4.1
java_class_path (initial): C:\Users\Kenisha\.gradle\wrapper\dists\gradle-5.4.1-all\3221gyojl5jsh0helicew7rwx\gradle-5.4.1\lib\gradle-launcher-5.4.1.jar
Launcher Type: SUN_STANDARD

Environment Variables:
JAVA_HOME=C:\path\to\JavaSDK
PATH=C:\Program Files\Java\jdk-12.0.2\bin;C:\Program Files (x86)\Haskell Platform\7.10.3\lib\extralibs\bin;C:\Program Files (x86)\Haskell Platform\7.10.3\bin;C:\ProgramData\Oracle\Java\javapath\bin;C:\Program Files (x86)\Intel\iCLS Client\;C:\Program Files\Intel\iCLS Client\;C:\WINDOWS\system32;C:\WINDOWS;C:\WINDOWS\System32\Wbem;C:\WINDOWS\System32\WindowsPowerShell\v1.0\;C:\Program Files (x86)\Intel\Intel(R) Management Engine Components\DAL;C:\Program Files\Intel\Intel(R) Management Engine Components\DAL;C:\Program Files (x86)\Intel\Intel(R) Management Engine Components\IPT;C:\Program Files\Intel\Intel(R) Management Engine Components\IPT;C:\WINDOWS\system32\config\systemprofile\.dnx\bin;C:\Program Files\Microsoft DNX\Dnvm\;C:\Program Files (x86)\Haskell Platform\7.10.3\mingw\bin;C:\Program Files (x86)\GtkSharp\2.12\bin;C:\Program Files\Intel\WiFi\bin\;C:\Program Files\Common Files\Intel\WirelessCommon\;C:\WINDOWS\System32\OpenSSH\;C:\Program Files\dotnet\;C:\Program Files\nodejs\;C:\Program Files\Git\cmd;C:\Users\Kenisha\AppData\Local\Programs\Python\Python37\Scripts\;C:\Users\Kenisha\AppData\Local\Programs\Python\Python37\;C:\ffmpeg\bin;C:\Users\Kenisha\AppData\Local\GitHubDesktop\bin;C:\Users\Kenisha\AppData\Roaming\npm;%USERPROFILE%\AppData\Local\Microsoft\WindowsApps;
USERNAME=Kenisha
OS=Windows_NT
PROCESSOR_IDENTIFIER=Intel64 Family 6 Model 61 Stepping 4, GenuineIntel



---------------  S Y S T E M  ---------------

OS: Windows 10.0 , 64 bit Build 18362 (10.0.18362.329)

CPU:total 4 (initial active 4) (2 cores per cpu, 2 threads per core) family 6 model 61 stepping 4, cmov, cx8, fxsr, mmx, sse, sse2, sse3, ssse3, sse4.1, sse4.2, popcnt, avx, avx2, aes, clmul, erms, 3dnowpref, lzcnt, ht, tsc, tscinvbit, bmi1, bmi2, adx

Memory: 4k page, physical 8289300k(1502416k free), swap 10242068k(7508k free)

vm_info: OpenJDK 64-Bit Server VM (25.202-b03) for windows-amd64 JRE (1.8.0_202-release-1483-b03), built by "builder" with MS VC++ 10.0 (VS2010)

time: Thu Sep 19 23:36:37 2019
timezone: Eastern Daylight Time
elapsed time: 10176 seconds (0d 2h 49m 36s)

